Performing C SOURCE FILE Test CMAKE_HAVE_LIBC_PTHREAD failed with the following output:
Change Dir: /work/libvgpu_opensource/libcuda_override/build/CMakeFiles/CMakeTmp

Run Build Command(s):/usr/bin/make cmTC_1bd55/fast && /usr/bin/make  -f CMakeFiles/cmTC_1bd55.dir/build.make CMakeFiles/cmTC_1bd55.dir/build
make[1]: Entering directory '/work/libvgpu_opensource/libcuda_override/build/CMakeFiles/CMakeTmp'
Building C object CMakeFiles/cmTC_1bd55.dir/src.c.o
/usr/bin/cc -DCMAKE_HAVE_LIBC_PTHREAD  -fPIC  -o CMakeFiles/cmTC_1bd55.dir/src.c.o -c /work/libvgpu_opensource/libcuda_override/build/CMakeFiles/CMakeTmp/src.c
Linking C executable cmTC_1bd55
/work/libvgpu_opensource/cmake-3.19.8-Linux-x86_64/bin/cmake -E cmake_link_script CMakeFiles/cmTC_1bd55.dir/link.txt --verbose=1
/usr/bin/cc -fPIC  -rdynamic CMakeFiles/cmTC_1bd55.dir/src.c.o -o cmTC_1bd55 
/usr/bin/ld: CMakeFiles/cmTC_1bd55.dir/src.c.o: in function `main':
src.c:(.text+0x46): undefined reference to `pthread_create'
/usr/bin/ld: src.c:(.text+0x52): undefined reference to `pthread_detach'
/usr/bin/ld: src.c:(.text+0x5e): undefined reference to `pthread_cancel'
/usr/bin/ld: src.c:(.text+0x6f): undefined reference to `pthread_join'
collect2: error: ld returned 1 exit status
make[1]: *** [CMakeFiles/cmTC_1bd55.dir/build.make:106: cmTC_1bd55] Error 1
make[1]: Leaving directory '/work/libvgpu_opensource/libcuda_override/build/CMakeFiles/CMakeTmp'
make: *** [Makefile:140: cmTC_1bd55/fast] Error 2


Source file was:
#include <pthread.h>

static void* test_func(void* data)
{
  return data;
}

int main(void)
{
  pthread_t thread;
  pthread_create(&thread, NULL, test_func, NULL);
  pthread_detach(thread);
  pthread_cancel(thread);
  pthread_join(thread, NULL);
  pthread_atfork(NULL, NULL, NULL);
  pthread_exit(NULL);

  return 0;
}

Determining if the function pthread_create exists in the pthreads failed with the following output:
Change Dir: /work/libvgpu_opensource/libcuda_override/build/CMakeFiles/CMakeTmp

Run Build Command(s):/usr/bin/make cmTC_a7e6b/fast && /usr/bin/make  -f CMakeFiles/cmTC_a7e6b.dir/build.make CMakeFiles/cmTC_a7e6b.dir/build
make[1]: Entering directory '/work/libvgpu_opensource/libcuda_override/build/CMakeFiles/CMakeTmp'
Building C object CMakeFiles/cmTC_a7e6b.dir/CheckFunctionExists.c.o
/usr/bin/cc   -fPIC -DCHECK_FUNCTION_EXISTS=pthread_create -o CMakeFiles/cmTC_a7e6b.dir/CheckFunctionExists.c.o -c /work/libvgpu_opensource/cmake-3.19.8-Linux-x86_64/share/cmake-3.19/Modules/CheckFunctionExists.c
Linking C executable cmTC_a7e6b
/work/libvgpu_opensource/cmake-3.19.8-Linux-x86_64/bin/cmake -E cmake_link_script CMakeFiles/cmTC_a7e6b.dir/link.txt --verbose=1
/usr/bin/cc -fPIC -DCHECK_FUNCTION_EXISTS=pthread_create -rdynamic CMakeFiles/cmTC_a7e6b.dir/CheckFunctionExists.c.o -o cmTC_a7e6b  -lpthreads 
/usr/bin/ld: cannot find -lpthreads
collect2: error: ld returned 1 exit status
make[1]: *** [CMakeFiles/cmTC_a7e6b.dir/build.make:106: cmTC_a7e6b] Error 1
make[1]: Leaving directory '/work/libvgpu_opensource/libcuda_override/build/CMakeFiles/CMakeTmp'
make: *** [Makefile:140: cmTC_a7e6b/fast] Error 2



